Using pre-set license

 COMMAND LINE ARGUMENTS:
/Applications/Unity/Hub/Editor/2020.3.1f1/Unity.app/Contents/MacOS/Unity
-adb2
-batchMode
-noUpm
-name
AssetImportWorker0
-projectPath
/Users/ucalren/Desktop/IT Projekt/_Rep/HSO_D_Block_AR
-logFile
Logs/AssetImportWorker0.log
-srvPort
59813
Successfully changed project path to: /Users/ucalren/Desktop/IT Projekt/_Rep/HSO_D_Block_AR
/Users/ucalren/Desktop/IT Projekt/_Rep/HSO_D_Block_AR
Using Asset Import Pipeline V2.
Refreshing native plugins compatible for Editor in 36.66 ms, found 1 plugins.
Preloading 0 native plugins for Editor in 0.00 ms.
Initialize engine version: 2020.3.1f1 (77a89f25062f)
[Subsystems] Discovering subsystems at path /Applications/Unity/Hub/Editor/2020.3.1f1/Unity.app/Contents/Resources/UnitySubsystems
[Subsystems] Discovering subsystems at path /Users/ucalren/Desktop/IT Projekt/_Rep/HSO_D_Block_AR/Assets
GfxDevice: creating device client; threaded=0
2021-04-19 20:22:36.819 Unity[93022:6167012] iMac preferred device: AMD Radeon Pro 580 (high power)
2021-04-19 20:22:36.819 Unity[93022:6167012] Metal devices available: 1
2021-04-19 20:22:36.819 Unity[93022:6167012] 0: AMD Radeon Pro 580 (high power)
2021-04-19 20:22:36.820 Unity[93022:6167012] Using device AMD Radeon Pro 580 (high power)
Initializing Metal device caps: AMD Radeon Pro 580
Initialize mono
Mono path[0] = '/Applications/Unity/Hub/Editor/2020.3.1f1/Unity.app/Contents/Managed'
Mono path[1] = '/Applications/Unity/Hub/Editor/2020.3.1f1/Unity.app/Contents/MonoBleedingEdge/lib/mono/unityjit'
Mono config path = '/Applications/Unity/Hub/Editor/2020.3.1f1/Unity.app/Contents/MonoBleedingEdge/etc'
Using monoOptions --debugger-agent=transport=dt_socket,embedding=1,server=y,suspend=n,address=127.0.0.1:56022
Begin MonoManager ReloadAssembly
Registering precompiled unity dll's ...
Register platform support module: /Applications/Unity/Hub/Editor/2020.3.1f1/PlaybackEngines/WebGLSupport/UnityEditor.WebGL.Extensions.dll
Register platform support module: /Applications/Unity/Hub/Editor/2020.3.1f1/Unity.app/Contents/PlaybackEngines/MacStandaloneSupport/UnityEditor.OSXStandalone.Extensions.dll
Register platform support module: /Applications/Unity/Hub/Editor/2020.3.1f1/PlaybackEngines/WindowsStandaloneSupport/UnityEditor.WindowsStandalone.Extensions.dll
Registered in 0.001033 seconds.
Native extension for WindowsStandalone target not found
Native extension for OSXStandalone target not found
Native extension for WebGL target not found
Refreshing native plugins compatible for Editor in 31.55 ms, found 1 plugins.
Preloading 0 native plugins for Editor in 0.00 ms.
Invoked RoslynAnalysisRunner static constructor.
RoslynAnalysisRunner will not be running.
RoslynAnalysisRunner has terminated.
Mono: successfully reloaded assembly
- Completed reload, in  3.901 seconds
Platform modules already initialized, skipping
Registering precompiled user dll's ...
Registered in 0.000359 seconds.
Begin MonoManager ReloadAssembly
Native extension for WindowsStandalone target not found
Native extension for OSXStandalone target not found
Native extension for WebGL target not found
Refreshing native plugins compatible for Editor in 31.73 ms, found 1 plugins.
Preloading 0 native plugins for Editor in 0.00 ms.
Invoked RoslynAnalysisRunner static constructor.
RoslynAnalysisRunner will not be running.
RoslynAnalysisRunner has terminated.
Mono: successfully reloaded assembly
- Completed reload, in  1.035 seconds
Platform modules already initialized, skipping
========================================================================
Worker process is ready to serve import requests
Launching external process: /Applications/Unity/Hub/Editor/2020.3.1f1/Unity.app/Contents/Tools/UnityShaderCompiler
Launched and connected shader compiler UnityShaderCompiler after 0.02 seconds
Refreshing native plugins compatible for Editor in 0.31 ms, found 1 plugins.
Preloading 0 native plugins for Editor in 0.00 ms.
Unloading 1501 Unused Serialized files (Serialized files now loaded: 0)
System memory in use before: 129.7 MB.
System memory in use after: 129.7 MB.

Unloading 11 unused Assets to reduce memory usage. Loaded Objects now: 1953.
Total: 3.716519 ms (FindLiveObjects: 0.325112 ms CreateObjectMapping: 0.150387 ms MarkObjects: 3.113757 ms  DeleteObjects: 0.126080 ms)

========================================================================
Received Import Request.
  path: Assets/Prefabs/Model.prefab
  artifactKey: Guid(0194387d950a2474eada71b1de3a9c13) Importer(815301076,1909f56bfc062723c751e8b465ee728b)
Start importing Assets/Prefabs/Model.prefab using Guid(0194387d950a2474eada71b1de3a9c13) Importer(815301076,1909f56bfc062723c751e8b465ee728b)  -> (artifact id: '67f12a18ca2b0d9a4704d12aa12f8490') in 0.486207 seconds
  Import took 0.492534 seconds .

========================================================================
Received Import Request.
  Time since last request: 6.422614 seconds.
  path: Assets/Prefabs/Model.prefab
  artifactKey: Guid(0194387d950a2474eada71b1de3a9c13) Importer(815301076,1909f56bfc062723c751e8b465ee728b)
Start importing Assets/Prefabs/Model.prefab using Guid(0194387d950a2474eada71b1de3a9c13) Importer(815301076,1909f56bfc062723c751e8b465ee728b)  -> (artifact id: '4ecb033f887c49339cb44db6ca761588') in 0.165970 seconds
  Import took 0.172990 seconds .

========================================================================
Received Prepare
Registering precompiled user dll's ...
Registered in 0.000428 seconds.
Begin MonoManager ReloadAssembly
Native extension for WindowsStandalone target not found
Native extension for OSXStandalone target not found
Native extension for WebGL target not found
Refreshing native plugins compatible for Editor in 0.27 ms, found 1 plugins.
Preloading 0 native plugins for Editor in 0.00 ms.
Invoked RoslynAnalysisRunner static constructor.
RoslynAnalysisRunner will not be running.
RoslynAnalysisRunner has terminated.
Mono: successfully reloaded assembly
- Completed reload, in  0.877 seconds
Platform modules already initialized, skipping
Switching build target platform(2) subTarget(0) extendedPlatform(0) -> platform(13) subTarget(589824) extendedPlatform(0)
Refreshing native plugins compatible for Editor in 0.32 ms, found 1 plugins.
Preloading 0 native plugins for Editor in 0.00 ms.
Unloading 1491 Unused Serialized files (Serialized files now loaded: 0)
System memory in use before: 137.6 MB.
System memory in use after: 137.7 MB.

Unloading 8 unused Assets to reduce memory usage. Loaded Objects now: 1963.
Total: 1.534754 ms (FindLiveObjects: 0.156006 ms CreateObjectMapping: 0.043305 ms MarkObjects: 1.282869 ms  DeleteObjects: 0.051767 ms)

AssetImportParameters requested are different than current active one (requested -> active):
  custom:graphics/normal-map-encoding: 01000000000000000000000000000000 -> 02000000000000000000000000000000
========================================================================
Received Prepare
Refreshing native plugins compatible for Editor in 0.53 ms, found 1 plugins.
Preloading 0 native plugins for Editor in 0.00 ms.
Unloading 4 Unused Serialized files (Serialized files now loaded: 0)
System memory in use before: 109.3 MB.
System memory in use after: 109.4 MB.

Unloading 3 unused Assets to reduce memory usage. Loaded Objects now: 1964.
Total: 2.077693 ms (FindLiveObjects: 0.262019 ms CreateObjectMapping: 0.086526 ms MarkObjects: 1.684218 ms  DeleteObjects: 0.043682 ms)

========================================================================
Received Prepare
Registering precompiled user dll's ...
Registered in 0.000532 seconds.
Begin MonoManager ReloadAssembly
Native extension for WindowsStandalone target not found
Native extension for OSXStandalone target not found
Native extension for WebGL target not found
Refreshing native plugins compatible for Editor in 0.27 ms, found 1 plugins.
Preloading 0 native plugins for Editor in 0.00 ms.
Invoked RoslynAnalysisRunner static constructor.
RoslynAnalysisRunner will not be running.
RoslynAnalysisRunner has terminated.
Mono: successfully reloaded assembly
- Completed reload, in  0.919 seconds
Platform modules already initialized, skipping
Switching build target platform(2) subTarget(0) extendedPlatform(0) -> platform(13) subTarget(589824) extendedPlatform(0)
Refreshing native plugins compatible for Editor in 0.27 ms, found 1 plugins.
Preloading 0 native plugins for Editor in 0.00 ms.
Unloading 1491 Unused Serialized files (Serialized files now loaded: 0)
System memory in use before: 137.8 MB.
System memory in use after: 137.9 MB.

Unloading 6 unused Assets to reduce memory usage. Loaded Objects now: 1968.
Total: 1.559237 ms (FindLiveObjects: 0.193265 ms CreateObjectMapping: 0.046784 ms MarkObjects: 1.270614 ms  DeleteObjects: 0.046535 ms)

AssetImportParameters requested are different than current active one (requested -> active):
  custom:graphics/normal-map-encoding: 01000000000000000000000000000000 -> 02000000000000000000000000000000
========================================================================
Received Prepare
Refreshing native plugins compatible for Editor in 0.76 ms, found 1 plugins.
Preloading 0 native plugins for Editor in 0.00 ms.
Unloading 3 Unused Serialized files (Serialized files now loaded: 0)
System memory in use before: 109.5 MB.
System memory in use after: 109.6 MB.

Unloading 3 unused Assets to reduce memory usage. Loaded Objects now: 1968.
Total: 1.731571 ms (FindLiveObjects: 0.242021 ms CreateObjectMapping: 0.056103 ms MarkObjects: 1.389199 ms  DeleteObjects: 0.043470 ms)

========================================================================
Received Prepare
Registering precompiled user dll's ...
Registered in 0.000387 seconds.
Begin MonoManager ReloadAssembly
Native extension for WindowsStandalone target not found
Native extension for OSXStandalone target not found
Native extension for WebGL target not found
Refreshing native plugins compatible for Editor in 0.28 ms, found 1 plugins.
Preloading 0 native plugins for Editor in 0.00 ms.
Invoked RoslynAnalysisRunner static constructor.
RoslynAnalysisRunner will not be running.
RoslynAnalysisRunner has terminated.
Mono: successfully reloaded assembly
- Completed reload, in  0.861 seconds
Platform modules already initialized, skipping
Switching build target platform(2) subTarget(0) extendedPlatform(0) -> platform(13) subTarget(589824) extendedPlatform(0)
Refreshing native plugins compatible for Editor in 0.27 ms, found 1 plugins.
Preloading 0 native plugins for Editor in 0.00 ms.
Unloading 1491 Unused Serialized files (Serialized files now loaded: 0)
System memory in use before: 138.0 MB.
System memory in use after: 138.1 MB.

Unloading 6 unused Assets to reduce memory usage. Loaded Objects now: 1972.
Total: 1.624714 ms (FindLiveObjects: 0.196705 ms CreateObjectMapping: 0.039930 ms MarkObjects: 1.273231 ms  DeleteObjects: 0.113933 ms)

AssetImportParameters requested are different than current active one (requested -> active):
  custom:graphics/normal-map-encoding: 01000000000000000000000000000000 -> 02000000000000000000000000000000
========================================================================
Received Prepare
Refreshing native plugins compatible for Editor in 0.51 ms, found 1 plugins.
Preloading 0 native plugins for Editor in 0.00 ms.
Unloading 3 Unused Serialized files (Serialized files now loaded: 0)
System memory in use before: 109.7 MB.
System memory in use after: 109.8 MB.

Unloading 3 unused Assets to reduce memory usage. Loaded Objects now: 1972.
Total: 1.665478 ms (FindLiveObjects: 0.229576 ms CreateObjectMapping: 0.048121 ms MarkObjects: 1.335555 ms  DeleteObjects: 0.051237 ms)

========================================================================
Received Prepare
Registering precompiled user dll's ...
Registered in 0.000433 seconds.
Begin MonoManager ReloadAssembly
Native extension for WindowsStandalone target not found
Native extension for OSXStandalone target not found
Native extension for WebGL target not found
Refreshing native plugins compatible for Editor in 0.28 ms, found 1 plugins.
Preloading 0 native plugins for Editor in 0.00 ms.
Invoked RoslynAnalysisRunner static constructor.
RoslynAnalysisRunner will not be running.
RoslynAnalysisRunner has terminated.
Mono: successfully reloaded assembly
- Completed reload, in  0.888 seconds
Platform modules already initialized, skipping
Switching build target platform(2) subTarget(0) extendedPlatform(0) -> platform(13) subTarget(589824) extendedPlatform(0)
Refreshing native plugins compatible for Editor in 0.31 ms, found 1 plugins.
Preloading 0 native plugins for Editor in 0.00 ms.
Unloading 1491 Unused Serialized files (Serialized files now loaded: 0)
System memory in use before: 138.2 MB.
System memory in use after: 138.3 MB.

Unloading 6 unused Assets to reduce memory usage. Loaded Objects now: 1976.
Total: 1.788110 ms (FindLiveObjects: 0.255888 ms CreateObjectMapping: 0.089688 ms MarkObjects: 1.395620 ms  DeleteObjects: 0.045829 ms)

AssetImportParameters requested are different than current active one (requested -> active):
  custom:graphics/normal-map-encoding: 01000000000000000000000000000000 -> 02000000000000000000000000000000
========================================================================
Received Prepare
Refreshing native plugins compatible for Editor in 0.52 ms, found 1 plugins.
Preloading 0 native plugins for Editor in 0.00 ms.
Unloading 3 Unused Serialized files (Serialized files now loaded: 0)
System memory in use before: 109.9 MB.
System memory in use after: 110.0 MB.

Unloading 3 unused Assets to reduce memory usage. Loaded Objects now: 1976.
Total: 1.688180 ms (FindLiveObjects: 0.201297 ms CreateObjectMapping: 0.050298 ms MarkObjects: 1.388627 ms  DeleteObjects: 0.046582 ms)

========================================================================
Received Import Request.
  Time since last request: 1443.526410 seconds.
  path: Assets/Concrete textures pack
  artifactKey: Guid(5cfa780abf2d24dbb86043de078b6d1f) Importer(815301076,1909f56bfc062723c751e8b465ee728b)
Start importing Assets/Concrete textures pack using Guid(5cfa780abf2d24dbb86043de078b6d1f) Importer(815301076,1909f56bfc062723c751e8b465ee728b)  -> (artifact id: 'bdb840741418037849193a12d4c91ed6') in 0.002311 seconds
  Import took 0.005840 seconds .

========================================================================
Received Import Request.
  Time since last request: 7.290578 seconds.
  path: Assets/Textures/Concrete textures pack/pattern 01
  artifactKey: Guid(ce16749556f964738b6f6e42ba4e202e) Importer(815301076,1909f56bfc062723c751e8b465ee728b)
Start importing Assets/Textures/Concrete textures pack/pattern 01 using Guid(ce16749556f964738b6f6e42ba4e202e) Importer(815301076,1909f56bfc062723c751e8b465ee728b)  -> (artifact id: 'c32f793659104df49113adab0b778cb0') in 0.001016 seconds
  Import took 0.003560 seconds .

========================================================================
Received Import Request.
  Time since last request: 0.056981 seconds.
  path: Assets/Textures/Concrete textures pack/pattern 01/Concrete pattern 01.mat
  artifactKey: Guid(9447935ca27fed54c9c28112b77d5908) Importer(815301076,1909f56bfc062723c751e8b465ee728b)
Start importing Assets/Textures/Concrete textures pack/pattern 01/Concrete pattern 01.mat using Guid(9447935ca27fed54c9c28112b77d5908) Importer(815301076,1909f56bfc062723c751e8b465ee728b)  -> (artifact id: 'f80b5fd9a7142d35c5bfa7ecb629f362') in 0.330141 seconds
  Import took 0.333830 seconds .

========================================================================
Received Import Request.
  Time since last request: 0.000258 seconds.
  path: Assets/Textures/Concrete textures pack/pattern 01/diffuse.tga
  artifactKey: Guid(52fb9790650d0324c8b24cae56159844) Importer(815301076,1909f56bfc062723c751e8b465ee728b)
Start importing Assets/Textures/Concrete textures pack/pattern 01/diffuse.tga using Guid(52fb9790650d0324c8b24cae56159844) Importer(815301076,1909f56bfc062723c751e8b465ee728b)  -> (artifact id: '0ee620b1e3a97c826a1ff5e3a52b618c') in 0.081659 seconds
  Import took 0.085357 seconds .

========================================================================
Received Import Request.
  Time since last request: 0.000345 seconds.
  path: Assets/Textures/Concrete textures pack/pattern 01/preview.jpg
  artifactKey: Guid(b66c0912b671be645bfcf63a83e63369) Importer(815301076,1909f56bfc062723c751e8b465ee728b)
Start importing Assets/Textures/Concrete textures pack/pattern 01/preview.jpg using Guid(b66c0912b671be645bfcf63a83e63369) Importer(815301076,1909f56bfc062723c751e8b465ee728b)  -> (artifact id: '368e4030a75eb4a9bceafa12b3a198a8') in 0.077055 seconds
  Import took 0.079488 seconds .

========================================================================
Received Import Request.
  Time since last request: 0.000240 seconds.
  path: Assets/Textures/Concrete textures pack/pattern 01/normal.tga
  artifactKey: Guid(4c89e0f06b2b0c34ebb9b930314cf921) Importer(815301076,1909f56bfc062723c751e8b465ee728b)
Start importing Assets/Textures/Concrete textures pack/pattern 01/normal.tga using Guid(4c89e0f06b2b0c34ebb9b930314cf921) Importer(815301076,1909f56bfc062723c751e8b465ee728b)  -> (artifact id: 'e1cbf13e847713cdb64ef807e89ded25') in 0.007751 seconds
  Import took 0.010322 seconds .

========================================================================
Received Import Request.
  Time since last request: 2.973802 seconds.
  path: Assets/Textures/Concrete textures pack/pattern 02
  artifactKey: Guid(1ecd79a942c9e424786bb08e902aaff6) Importer(815301076,1909f56bfc062723c751e8b465ee728b)
Start importing Assets/Textures/Concrete textures pack/pattern 02 using Guid(1ecd79a942c9e424786bb08e902aaff6) Importer(815301076,1909f56bfc062723c751e8b465ee728b)  -> (artifact id: 'cc645fb256561c7e17e44302ae5408cb') in 0.005626 seconds
  Import took 0.008429 seconds .

========================================================================
Received Import Request.
  Time since last request: 35.260606 seconds.
  path: Assets/Textures/Concrete textures pack/pattern 10
  artifactKey: Guid(bc621d4e0128f44439736dbda9417f0e) Importer(815301076,1909f56bfc062723c751e8b465ee728b)
Start importing Assets/Textures/Concrete textures pack/pattern 10 using Guid(bc621d4e0128f44439736dbda9417f0e) Importer(815301076,1909f56bfc062723c751e8b465ee728b)  -> (artifact id: '3dde755ce943601d03494ae56c817a68') in 0.000681 seconds
  Import took 0.003440 seconds .

========================================================================
Received Import Request.
  Time since last request: 0.062247 seconds.
  path: Assets/Textures/Concrete textures pack/pattern 10/Concrete pattern 10.mat
  artifactKey: Guid(3ff803e95ede8de42a2adbcd1dd530d6) Importer(815301076,1909f56bfc062723c751e8b465ee728b)
Start importing Assets/Textures/Concrete textures pack/pattern 10/Concrete pattern 10.mat using Guid(3ff803e95ede8de42a2adbcd1dd530d6) Importer(815301076,1909f56bfc062723c751e8b465ee728b)  -> (artifact id: 'bc9ec5de43194ec7c1e36ab659cd6434') in 0.011835 seconds
  Import took 0.014381 seconds .

========================================================================
Received Import Request.
  Time since last request: 0.000308 seconds.
  path: Assets/Textures/Concrete textures pack/pattern 10/preview.jpg
  artifactKey: Guid(3cca3be7de00d904ba412eb14b6c1990) Importer(815301076,1909f56bfc062723c751e8b465ee728b)
Start importing Assets/Textures/Concrete textures pack/pattern 10/preview.jpg using Guid(3cca3be7de00d904ba412eb14b6c1990) Importer(815301076,1909f56bfc062723c751e8b465ee728b)  -> (artifact id: '604f2a268cbe39f1187c074a448fc693') in 0.007419 seconds
  Import took 0.010419 seconds .

========================================================================
Received Import Request.
  Time since last request: 0.000254 seconds.
  path: Assets/Textures/Concrete textures pack/pattern 10/normal.tga
  artifactKey: Guid(bb1d9b4bcac392e449005887c6da1d88) Importer(815301076,1909f56bfc062723c751e8b465ee728b)
Start importing Assets/Textures/Concrete textures pack/pattern 10/normal.tga using Guid(bb1d9b4bcac392e449005887c6da1d88) Importer(815301076,1909f56bfc062723c751e8b465ee728b)  -> (artifact id: 'dc9b8ba91ca0c9c59c9c9d51973f7cf8') in 0.010617 seconds
  Import took 0.013380 seconds .

========================================================================
Received Import Request.
  Time since last request: 0.000678 seconds.
  path: Assets/Textures/Concrete textures pack/pattern 10/diffuse.tga
  artifactKey: Guid(63572e5568cdd1f4382233109e0172f5) Importer(815301076,1909f56bfc062723c751e8b465ee728b)
Start importing Assets/Textures/Concrete textures pack/pattern 10/diffuse.tga using Guid(63572e5568cdd1f4382233109e0172f5) Importer(815301076,1909f56bfc062723c751e8b465ee728b)  -> (artifact id: 'fc1c86f8753e1fb04aab0b5c77e07985') in 0.010967 seconds
  Import took 0.014203 seconds .

========================================================================
Received Import Request.
  Time since last request: 4.490058 seconds.
  path: Assets/Textures/Concrete textures pack/pattern 02/Concrete pattern 02.mat
  artifactKey: Guid(74c690b29deaf184eb0f56c386f5ef8f) Importer(815301076,1909f56bfc062723c751e8b465ee728b)
Start importing Assets/Textures/Concrete textures pack/pattern 02/Concrete pattern 02.mat using Guid(74c690b29deaf184eb0f56c386f5ef8f) Importer(815301076,1909f56bfc062723c751e8b465ee728b)  -> (artifact id: 'fc1c22e872ebe2eef407acb785d9a755') in 0.011748 seconds
  Import took 0.014481 seconds .

========================================================================
Received Import Request.
  Time since last request: 0.000289 seconds.
  path: Assets/Textures/Concrete textures pack/pattern 02/diffuse.tga
  artifactKey: Guid(ac337a3170ca1644fbe573e8389e6224) Importer(815301076,1909f56bfc062723c751e8b465ee728b)
Start importing Assets/Textures/Concrete textures pack/pattern 02/diffuse.tga using Guid(ac337a3170ca1644fbe573e8389e6224) Importer(815301076,1909f56bfc062723c751e8b465ee728b)  -> (artifact id: '2a4b7fafc3d4ad7a9511c1e77b55f9ba') in 0.008313 seconds
  Import took 0.011038 seconds .

========================================================================
Received Import Request.
  Time since last request: 0.000317 seconds.
  path: Assets/Textures/Concrete textures pack/pattern 02/preview.jpg
  artifactKey: Guid(07a98f2a2d328484eb1ec0d5dfe110f8) Importer(815301076,1909f56bfc062723c751e8b465ee728b)
Start importing Assets/Textures/Concrete textures pack/pattern 02/preview.jpg using Guid(07a98f2a2d328484eb1ec0d5dfe110f8) Importer(815301076,1909f56bfc062723c751e8b465ee728b)  -> (artifact id: '49293b04658e7ac7a2865098d85b52d7') in 0.015672 seconds
  Import took 0.018897 seconds .

========================================================================
Received Import Request.
  Time since last request: 0.000252 seconds.
  path: Assets/Textures/Concrete textures pack/pattern 02/normal.tga
  artifactKey: Guid(36c90be17cf50af41a9f4c35a0abc566) Importer(815301076,1909f56bfc062723c751e8b465ee728b)
Start importing Assets/Textures/Concrete textures pack/pattern 02/normal.tga using Guid(36c90be17cf50af41a9f4c35a0abc566) Importer(815301076,1909f56bfc062723c751e8b465ee728b)  -> (artifact id: '21afe84ea9f1767f21c2a545950a020a') in 0.009632 seconds
  Import took 0.012493 seconds .

========================================================================
Received Import Request.
  Time since last request: 0.004478 seconds.
  path: Assets/Textures/Concrete textures pack/pattern 02/preview.jpg
  artifactKey: Guid(07a98f2a2d328484eb1ec0d5dfe110f8) Importer(815301076,1909f56bfc062723c751e8b465ee728b)
Start importing Assets/Textures/Concrete textures pack/pattern 02/preview.jpg using Guid(07a98f2a2d328484eb1ec0d5dfe110f8) Importer(815301076,1909f56bfc062723c751e8b465ee728b)  -> (artifact id: '49293b04658e7ac7a2865098d85b52d7') in 0.014996 seconds
  Import took 0.018044 seconds .

========================================================================
Received Import Request.
  Time since last request: 1.848053 seconds.
  path: Assets/Textures/Concrete textures pack/pattern 03
  artifactKey: Guid(bff46ce7163d64765b1b52ffd1223c35) Importer(815301076,1909f56bfc062723c751e8b465ee728b)
Start importing Assets/Textures/Concrete textures pack/pattern 03 using Guid(bff46ce7163d64765b1b52ffd1223c35) Importer(815301076,1909f56bfc062723c751e8b465ee728b)  -> (artifact id: '7d67ea164d76a391d67e855b188ee8c2') in 0.006083 seconds
  Import took 0.009296 seconds .

========================================================================
Received Import Request.
  Time since last request: 0.046308 seconds.
  path: Assets/Textures/Concrete textures pack/pattern 03/Concrete pattern 03.mat
  artifactKey: Guid(52c9083b299dfa3479caa56bb9f0a98c) Importer(815301076,1909f56bfc062723c751e8b465ee728b)
Start importing Assets/Textures/Concrete textures pack/pattern 03/Concrete pattern 03.mat using Guid(52c9083b299dfa3479caa56bb9f0a98c) Importer(815301076,1909f56bfc062723c751e8b465ee728b)  -> (artifact id: '8f94ffac95479b85922a930f6e61df86') in 0.012927 seconds
  Import took 0.016584 seconds .

========================================================================
Received Import Request.
  Time since last request: 0.000167 seconds.
  path: Assets/Textures/Concrete textures pack/pattern 03/preview.jpg
  artifactKey: Guid(f4ecf1c1e4543d14ea7d040b6ad512de) Importer(815301076,1909f56bfc062723c751e8b465ee728b)
Start importing Assets/Textures/Concrete textures pack/pattern 03/preview.jpg using Guid(f4ecf1c1e4543d14ea7d040b6ad512de) Importer(815301076,1909f56bfc062723c751e8b465ee728b)  -> (artifact id: 'cf8faad6968bc85717b13bc2ab66282d') in 0.014178 seconds
  Import took 0.016942 seconds .

========================================================================
Received Import Request.
  Time since last request: 0.000245 seconds.
  path: Assets/Textures/Concrete textures pack/pattern 03/normal.tga
  artifactKey: Guid(a4b3c4b19bb248240b69534d0d290fa6) Importer(815301076,1909f56bfc062723c751e8b465ee728b)
Start importing Assets/Textures/Concrete textures pack/pattern 03/normal.tga using Guid(a4b3c4b19bb248240b69534d0d290fa6) Importer(815301076,1909f56bfc062723c751e8b465ee728b)  -> (artifact id: 'cd5a85fa31c51c3b1768de6680eedb2e') in 0.009006 seconds
  Import took 0.011502 seconds .

========================================================================
Received Import Request.
  Time since last request: 0.000302 seconds.
  path: Assets/Textures/Concrete textures pack/pattern 03/diffuse.tga
  artifactKey: Guid(a0abf4a2000b8db4b839f1a048fafbc8) Importer(815301076,1909f56bfc062723c751e8b465ee728b)
Start importing Assets/Textures/Concrete textures pack/pattern 03/diffuse.tga using Guid(a0abf4a2000b8db4b839f1a048fafbc8) Importer(815301076,1909f56bfc062723c751e8b465ee728b)  -> (artifact id: '23d9abb5f73e9813e94c2d5d32bf8a85') in 0.010893 seconds
  Import took 0.013425 seconds .

========================================================================
Received Import Request.
  Time since last request: 0.003042 seconds.
  path: Assets/Textures/Concrete textures pack/pattern 03/normal.tga
  artifactKey: Guid(a4b3c4b19bb248240b69534d0d290fa6) Importer(815301076,1909f56bfc062723c751e8b465ee728b)
Start importing Assets/Textures/Concrete textures pack/pattern 03/normal.tga using Guid(a4b3c4b19bb248240b69534d0d290fa6) Importer(815301076,1909f56bfc062723c751e8b465ee728b)  -> (artifact id: 'cd5a85fa31c51c3b1768de6680eedb2e') in 0.008872 seconds
  Import took 0.011824 seconds .

========================================================================
Received Import Request.
  Time since last request: 59.935731 seconds.
  path: Assets/Textures/Concrete textures pack/pattern 07/diffuse.tga
  artifactKey: Guid(e312182b2d9d04c47a2ffb6c823b3a56) Importer(815301076,1909f56bfc062723c751e8b465ee728b)
Start importing Assets/Textures/Concrete textures pack/pattern 07/diffuse.tga using Guid(e312182b2d9d04c47a2ffb6c823b3a56) Importer(815301076,1909f56bfc062723c751e8b465ee728b)  -> (artifact id: '526696531dd5c63c06704656b7c24de9') in 0.009184 seconds
  Import took 0.012168 seconds .

========================================================================
Received Import Request.
  Time since last request: 0.000184 seconds.
  path: Assets/Textures/Concrete textures pack/pattern 20/diffuse.tga
  artifactKey: Guid(b849444d32b0d014f89eea7ab00e6c7c) Importer(815301076,1909f56bfc062723c751e8b465ee728b)
Start importing Assets/Textures/Concrete textures pack/pattern 20/diffuse.tga using Guid(b849444d32b0d014f89eea7ab00e6c7c) Importer(815301076,1909f56bfc062723c751e8b465ee728b)  -> (artifact id: 'cbb020040cb97ccfaabef3fdfa8ed1af') in 0.017891 seconds
  Import took 0.020606 seconds .

========================================================================
Received Import Request.
  Time since last request: 0.000240 seconds.
  path: Assets/Textures/Concrete textures pack/pattern 20/normal.tga
  artifactKey: Guid(7a8be65734a93fc49aca732fcf50e57e) Importer(815301076,1909f56bfc062723c751e8b465ee728b)
Start importing Assets/Textures/Concrete textures pack/pattern 20/normal.tga using Guid(7a8be65734a93fc49aca732fcf50e57e) Importer(815301076,1909f56bfc062723c751e8b465ee728b)  -> (artifact id: '7cbe34973462c5d1033175af8124d66d') in 0.009070 seconds
  Import took 0.011929 seconds .

========================================================================
Received Import Request.
  Time since last request: 0.000266 seconds.
  path: Assets/Textures/Concrete textures pack/pattern 04/preview.jpg
  artifactKey: Guid(ea6fbebb7b7c6204d9a867e55c8bbc65) Importer(815301076,1909f56bfc062723c751e8b465ee728b)
Start importing Assets/Textures/Concrete textures pack/pattern 04/preview.jpg using Guid(ea6fbebb7b7c6204d9a867e55c8bbc65) Importer(815301076,1909f56bfc062723c751e8b465ee728b)  -> (artifact id: '5f89f92813dc93e3d225faf6c5e92a71') in 0.006817 seconds
  Import took 0.009605 seconds .

========================================================================
Received Import Request.
  Time since last request: 0.000323 seconds.
  path: Assets/Textures/Concrete textures pack/pattern 11/normal.tga
  artifactKey: Guid(fbcf021c5f50bd24cbe41780e59d027b) Importer(815301076,1909f56bfc062723c751e8b465ee728b)
Start importing Assets/Textures/Concrete textures pack/pattern 11/normal.tga using Guid(fbcf021c5f50bd24cbe41780e59d027b) Importer(815301076,1909f56bfc062723c751e8b465ee728b)  -> (artifact id: '8caf410c53c74af2c9c10d39b45a0507') in 0.011055 seconds
  Import took 0.013909 seconds .

========================================================================
Received Import Request.
  Time since last request: 0.000242 seconds.
  path: Assets/Textures/Concrete textures pack/pattern 15/preview.jpg
  artifactKey: Guid(1892b5ecef2d16044979248b98bd5233) Importer(815301076,1909f56bfc062723c751e8b465ee728b)
Start importing Assets/Textures/Concrete textures pack/pattern 15/preview.jpg using Guid(1892b5ecef2d16044979248b98bd5233) Importer(815301076,1909f56bfc062723c751e8b465ee728b)  -> (artifact id: '90dfe14c12900dfcfd11fedfec8d8956') in 0.008891 seconds
  Import took 0.011955 seconds .

========================================================================
Received Import Request.
  Time since last request: 0.000265 seconds.
  path: Assets/Textures/Concrete textures pack/pattern 17/normal.tga
  artifactKey: Guid(dac2a28fc94762d4ca44b2bc4684a2aa) Importer(815301076,1909f56bfc062723c751e8b465ee728b)
Start importing Assets/Textures/Concrete textures pack/pattern 17/normal.tga using Guid(dac2a28fc94762d4ca44b2bc4684a2aa) Importer(815301076,1909f56bfc062723c751e8b465ee728b)  -> (artifact id: 'baed56eb56344a2e141f8b8108bf9240') in 0.009472 seconds
  Import took 0.012737 seconds .

========================================================================
Received Import Request.
  Time since last request: 0.000255 seconds.
  path: Assets/Textures/Concrete textures pack/pattern 09/normal.tga
  artifactKey: Guid(351659eb5c7bd504f8cc03dc40527e51) Importer(815301076,1909f56bfc062723c751e8b465ee728b)
Start importing Assets/Textures/Concrete textures pack/pattern 09/normal.tga using Guid(351659eb5c7bd504f8cc03dc40527e51) Importer(815301076,1909f56bfc062723c751e8b465ee728b)  -> (artifact id: 'c24c4af55a97abd2a87c5ec6c54abb90') in 0.008562 seconds
  Import took 0.011228 seconds .

========================================================================
Received Import Request.
  Time since last request: 0.000241 seconds.
  path: Assets/Textures/Concrete textures pack/pattern 08/diffuse.tga
  artifactKey: Guid(14efa88d20a9c834fa648fbcf82c2f44) Importer(815301076,1909f56bfc062723c751e8b465ee728b)
Start importing Assets/Textures/Concrete textures pack/pattern 08/diffuse.tga using Guid(14efa88d20a9c834fa648fbcf82c2f44) Importer(815301076,1909f56bfc062723c751e8b465ee728b)  -> (artifact id: '945bc253b73c0cc7d195750d6a26c982') in 0.012277 seconds
  Import took 0.015764 seconds .

========================================================================
Received Import Request.
  Time since last request: 0.000257 seconds.
  path: Assets/Textures/Concrete textures pack/pattern 16/diffuse.tga
  artifactKey: Guid(fd16008f462a0b746974440d3b751b5a) Importer(815301076,1909f56bfc062723c751e8b465ee728b)
Start importing Assets/Textures/Concrete textures pack/pattern 16/diffuse.tga using Guid(fd16008f462a0b746974440d3b751b5a) Importer(815301076,1909f56bfc062723c751e8b465ee728b)  -> (artifact id: 'bc7179f79846585eac140bdfd5199cd2') in 0.008913 seconds
  Import took 0.011759 seconds .

========================================================================
Received Import Request.
  Time since last request: 0.000229 seconds.
  path: Assets/Textures/Concrete textures pack/pattern 19/preview.jpg
  artifactKey: Guid(47af16f51bd2a4b499774895c9be3dcb) Importer(815301076,1909f56bfc062723c751e8b465ee728b)
Start importing Assets/Textures/Concrete textures pack/pattern 19/preview.jpg using Guid(47af16f51bd2a4b499774895c9be3dcb) Importer(815301076,1909f56bfc062723c751e8b465ee728b)  -> (artifact id: '661d3b34755ca0b3a8f981b39bb96653') in 0.009114 seconds
  Import took 0.011599 seconds .

========================================================================
Received Import Request.
  Time since last request: 0.000270 seconds.
  path: Assets/Textures/Concrete textures pack/pattern 18/preview.jpg
  artifactKey: Guid(305be0ee9678e6b4d96a82028b7c443c) Importer(815301076,1909f56bfc062723c751e8b465ee728b)
Start importing Assets/Textures/Concrete textures pack/pattern 18/preview.jpg using Guid(305be0ee9678e6b4d96a82028b7c443c) Importer(815301076,1909f56bfc062723c751e8b465ee728b)  -> (artifact id: '6efe560be3bea913a56f888fd952763b') in 0.008121 seconds
  Import took 0.011023 seconds .

========================================================================
Received Import Request.
  Time since last request: 0.000233 seconds.
  path: Assets/Textures/Concrete textures pack/pattern 17/preview.jpg
  artifactKey: Guid(aa7b5d03c68f6bd42a4fe089a643ee0a) Importer(815301076,1909f56bfc062723c751e8b465ee728b)
Start importing Assets/Textures/Concrete textures pack/pattern 17/preview.jpg using Guid(aa7b5d03c68f6bd42a4fe089a643ee0a) Importer(815301076,1909f56bfc062723c751e8b465ee728b)  -> (artifact id: '951b3c87406ebef67b9c9c7cedd2fb73') in 0.008434 seconds
  Import took 0.011319 seconds .

========================================================================
Received Import Request.
  Time since last request: 0.000293 seconds.
  path: Assets/Textures/Concrete textures pack/pattern 11/preview.jpg
  artifactKey: Guid(141a53777240c2644b20b45c14cdb504) Importer(815301076,1909f56bfc062723c751e8b465ee728b)
Start importing Assets/Textures/Concrete textures pack/pattern 11/preview.jpg using Guid(141a53777240c2644b20b45c14cdb504) Importer(815301076,1909f56bfc062723c751e8b465ee728b)  -> (artifact id: '1199999f3d4c0dc587ba13a64c01a8f6') in 0.009163 seconds
  Import took 0.011592 seconds .

========================================================================
Received Import Request.
  Time since last request: 0.000182 seconds.
  path: Assets/Textures/Concrete textures pack/pattern 07/preview.jpg
  artifactKey: Guid(a48aeff9c0eb7a1479a0451a3d6e4ee9) Importer(815301076,1909f56bfc062723c751e8b465ee728b)
Start importing Assets/Textures/Concrete textures pack/pattern 07/preview.jpg using Guid(a48aeff9c0eb7a1479a0451a3d6e4ee9) Importer(815301076,1909f56bfc062723c751e8b465ee728b)  -> (artifact id: '1f3ba77238460271d14679b3b4690f43') in 0.008964 seconds
  Import took 0.011582 seconds .

========================================================================
Received Import Request.
  Time since last request: 0.000405 seconds.
  path: Assets/Textures/Concrete textures pack/pattern 05/preview.jpg
  artifactKey: Guid(70f4b090dd9924e4d96be2d653c9f7c1) Importer(815301076,1909f56bfc062723c751e8b465ee728b)
Start importing Assets/Textures/Concrete textures pack/pattern 05/preview.jpg using Guid(70f4b090dd9924e4d96be2d653c9f7c1) Importer(815301076,1909f56bfc062723c751e8b465ee728b)  -> (artifact id: 'b0d2e0f239e3354ecd3d95688cd6a6ee') in 0.008697 seconds
  Import took 0.011588 seconds .

========================================================================
Received Import Request.
  Time since last request: 0.000345 seconds.
  path: Assets/Textures/Concrete textures pack/pattern 05/diffuse.tga
  artifactKey: Guid(f3c3b5b741e8fda40b5541562f461415) Importer(815301076,1909f56bfc062723c751e8b465ee728b)
Start importing Assets/Textures/Concrete textures pack/pattern 05/diffuse.tga using Guid(f3c3b5b741e8fda40b5541562f461415) Importer(815301076,1909f56bfc062723c751e8b465ee728b)  -> (artifact id: 'e00b48b06f6422166575864f5a16341e') in 0.009126 seconds
  Import took 0.011426 seconds .

========================================================================
Received Import Request.
  Time since last request: 0.000283 seconds.
  path: Assets/Textures/Concrete textures pack/pattern 15/normal.tga
  artifactKey: Guid(40950fee77595f845a5d4a8f0412559a) Importer(815301076,1909f56bfc062723c751e8b465ee728b)
Start importing Assets/Textures/Concrete textures pack/pattern 15/normal.tga using Guid(40950fee77595f845a5d4a8f0412559a) Importer(815301076,1909f56bfc062723c751e8b465ee728b)  -> (artifact id: 'bbda4fe6962d5f02aaf00d21d67a61e1') in 0.008682 seconds
  Import took 0.011626 seconds .

========================================================================
Received Import Request.
  Time since last request: 0.000287 seconds.
  path: Assets/Textures/Concrete textures pack/pattern 05/normal.tga
  artifactKey: Guid(2fee60a97b8865c4ca9b84b80f6b12d7) Importer(815301076,1909f56bfc062723c751e8b465ee728b)
Start importing Assets/Textures/Concrete textures pack/pattern 05/normal.tga using Guid(2fee60a97b8865c4ca9b84b80f6b12d7) Importer(815301076,1909f56bfc062723c751e8b465ee728b)  -> (artifact id: '214e33b339aa6c3c7fe8a3f974f323ed') in 0.009501 seconds
  Import took 0.011950 seconds .

========================================================================
Received Import Request.
  Time since last request: 0.000268 seconds.
  path: Assets/Textures/Concrete textures pack/pattern 20/preview.jpg
  artifactKey: Guid(24ac637c34a5abb4798a57b62a329104) Importer(815301076,1909f56bfc062723c751e8b465ee728b)
Start importing Assets/Textures/Concrete textures pack/pattern 20/preview.jpg using Guid(24ac637c34a5abb4798a57b62a329104) Importer(815301076,1909f56bfc062723c751e8b465ee728b)  -> (artifact id: '02f3df76cf79bdba9af534b08eae74b3') in 0.008720 seconds
  Import took 0.011230 seconds .

========================================================================
Received Import Request.
  Time since last request: 0.000238 seconds.
  path: Assets/Textures/Concrete textures pack/pattern 09/diffuse.tga
  artifactKey: Guid(e7e2260ae09042e4f85772607531094f) Importer(815301076,1909f56bfc062723c751e8b465ee728b)
Start importing Assets/Textures/Concrete textures pack/pattern 09/diffuse.tga using Guid(e7e2260ae09042e4f85772607531094f) Importer(815301076,1909f56bfc062723c751e8b465ee728b)  -> (artifact id: '05b81200172f6943a43c250b133bd5eb') in 0.009587 seconds
  Import took 0.012200 seconds .

========================================================================
Received Import Request.
  Time since last request: 0.000306 seconds.
  path: Assets/Textures/Concrete textures pack/pattern 14/normal.tga
  artifactKey: Guid(5a89234c1c1cee74ea98d53496c77c92) Importer(815301076,1909f56bfc062723c751e8b465ee728b)
Start importing Assets/Textures/Concrete textures pack/pattern 14/normal.tga using Guid(5a89234c1c1cee74ea98d53496c77c92) Importer(815301076,1909f56bfc062723c751e8b465ee728b)  -> (artifact id: 'edad07ce7e51685d93eaee2b1b61af50') in 0.010880 seconds
  Import took 0.013316 seconds .

========================================================================
Received Import Request.
  Time since last request: 0.000238 seconds.
  path: Assets/Textures/Concrete textures pack/pattern 19/diffuse.tga
  artifactKey: Guid(17d86cba6d82c28418f9788157e1358c) Importer(815301076,1909f56bfc062723c751e8b465ee728b)
Start importing Assets/Textures/Concrete textures pack/pattern 19/diffuse.tga using Guid(17d86cba6d82c28418f9788157e1358c) Importer(815301076,1909f56bfc062723c751e8b465ee728b)  -> (artifact id: '1d36d0f3987862fc95aedd61eee2f553') in 0.008600 seconds
  Import took 0.011409 seconds .

========================================================================
Received Import Request.
  Time since last request: 0.000199 seconds.
  path: Assets/Textures/Concrete textures pack/pattern 06/preview.jpg
  artifactKey: Guid(2c80108b25b86424abf27196b6bc3c73) Importer(815301076,1909f56bfc062723c751e8b465ee728b)
Start importing Assets/Textures/Concrete textures pack/pattern 06/preview.jpg using Guid(2c80108b25b86424abf27196b6bc3c73) Importer(815301076,1909f56bfc062723c751e8b465ee728b)  -> (artifact id: 'ce4087ea197a0ee305f96e8ba5b1bfaf') in 0.010118 seconds
  Import took 0.013413 seconds .

========================================================================
Received Import Request.
  Time since last request: 0.000271 seconds.
  path: Assets/Textures/Concrete textures pack/pattern 12/normal.tga
  artifactKey: Guid(0832867a17f1d6f48baf3814242b85fe) Importer(815301076,1909f56bfc062723c751e8b465ee728b)
Start importing Assets/Textures/Concrete textures pack/pattern 12/normal.tga using Guid(0832867a17f1d6f48baf3814242b85fe) Importer(815301076,1909f56bfc062723c751e8b465ee728b)  -> (artifact id: 'd9b803b68a21b5a50e4a2b9156767cc1') in 0.009085 seconds
  Import took 0.011937 seconds .

========================================================================
Received Import Request.
  Time since last request: 0.000226 seconds.
  path: Assets/Textures/Concrete textures pack/pattern 18/diffuse.tga
  artifactKey: Guid(1581d87fafc571743927113bbb35d150) Importer(815301076,1909f56bfc062723c751e8b465ee728b)
Start importing Assets/Textures/Concrete textures pack/pattern 18/diffuse.tga using Guid(1581d87fafc571743927113bbb35d150) Importer(815301076,1909f56bfc062723c751e8b465ee728b)  -> (artifact id: 'b7716730a24c3fd2eca56988f6c6463d') in 0.008234 seconds
  Import took 0.011636 seconds .

========================================================================
Received Import Request.
  Time since last request: 0.000321 seconds.
  path: Assets/Textures/Concrete textures pack/pattern 14/diffuse.tga
  artifactKey: Guid(337ac93e12665eb4ba14cd1b0ca57bf3) Importer(815301076,1909f56bfc062723c751e8b465ee728b)
Start importing Assets/Textures/Concrete textures pack/pattern 14/diffuse.tga using Guid(337ac93e12665eb4ba14cd1b0ca57bf3) Importer(815301076,1909f56bfc062723c751e8b465ee728b)  -> (artifact id: '9236033a1537b159d6eef37d3bd757e1') in 0.011829 seconds
  Import took 0.014796 seconds .

========================================================================
Received Import Request.
  Time since last request: 0.000253 seconds.
  path: Assets/Textures/Concrete textures pack/pattern 12/diffuse.tga
  artifactKey: Guid(0f7d501e1bd83f342a13e87ad73a2021) Importer(815301076,1909f56bfc062723c751e8b465ee728b)
Start importing Assets/Textures/Concrete textures pack/pattern 12/diffuse.tga using Guid(0f7d501e1bd83f342a13e87ad73a2021) Importer(815301076,1909f56bfc062723c751e8b465ee728b)  -> (artifact id: 'e6caf567b59a8ee3a2482da9fd7b05f2') in 0.009361 seconds
  Import took 0.012302 seconds .

========================================================================
Received Import Request.
  Time since last request: 0.000301 seconds.
  path: Assets/Textures/Concrete textures pack/pattern 06/diffuse.tga
  artifactKey: Guid(797b455d235e0f9429d6eedc7e2e6e49) Importer(815301076,1909f56bfc062723c751e8b465ee728b)
Start importing Assets/Textures/Concrete textures pack/pattern 06/diffuse.tga using Guid(797b455d235e0f9429d6eedc7e2e6e49) Importer(815301076,1909f56bfc062723c751e8b465ee728b)  -> (artifact id: 'e908bf038f0313707a4bbedaa597f116') in 0.009869 seconds
  Import took 0.013202 seconds .

========================================================================
Received Import Request.
  Time since last request: 0.000335 seconds.
  path: Assets/Textures/Concrete textures pack/pattern 07/normal.tga
  artifactKey: Guid(7a6f2bd98e2c2a347a46d434d356e86a) Importer(815301076,1909f56bfc062723c751e8b465ee728b)
Start importing Assets/Textures/Concrete textures pack/pattern 07/normal.tga using Guid(7a6f2bd98e2c2a347a46d434d356e86a) Importer(815301076,1909f56bfc062723c751e8b465ee728b)  -> (artifact id: '02d7dd19a1c91ddfbadb8ab503ab0599') in 0.012367 seconds
  Import took 0.015338 seconds .

========================================================================
Received Import Request.
  Time since last request: 0.000235 seconds.
  path: Assets/Textures/Concrete textures pack/pattern 19/normal.tga
  artifactKey: Guid(0de756e42b8c5514a998ecc02de04449) Importer(815301076,1909f56bfc062723c751e8b465ee728b)
Start importing Assets/Textures/Concrete textures pack/pattern 19/normal.tga using Guid(0de756e42b8c5514a998ecc02de04449) Importer(815301076,1909f56bfc062723c751e8b465ee728b)  -> (artifact id: '7624d9b2c85640c060e1627767cd1812') in 0.008186 seconds
  Import took 0.010569 seconds .

========================================================================
Received Import Request.
  Time since last request: 0.000330 seconds.
  path: Assets/Textures/Concrete textures pack/pattern 06/normal.tga
  artifactKey: Guid(bb45c9fdde18c2842b841cf4eb598957) Importer(815301076,1909f56bfc062723c751e8b465ee728b)
Start importing Assets/Textures/Concrete textures pack/pattern 06/normal.tga using Guid(bb45c9fdde18c2842b841cf4eb598957) Importer(815301076,1909f56bfc062723c751e8b465ee728b)  -> (artifact id: '93c6a7c20c44eb2da041e63f7616ddf5') in 0.009798 seconds
  Import took 0.012480 seconds .

========================================================================
Received Import Request.
  Time since last request: 0.000365 seconds.
  path: Assets/Textures/Concrete textures pack/pattern 08/preview.jpg
  artifactKey: Guid(43b803fa02a13fe4baf62f168d83c8a9) Importer(815301076,1909f56bfc062723c751e8b465ee728b)
Start importing Assets/Textures/Concrete textures pack/pattern 08/preview.jpg using Guid(43b803fa02a13fe4baf62f168d83c8a9) Importer(815301076,1909f56bfc062723c751e8b465ee728b)  -> (artifact id: '5a526a272df9226ed46817ca50d11f1c') in 0.010171 seconds
  Import took 0.013212 seconds .

========================================================================
Received Import Request.
  Time since last request: 0.000212 seconds.
  path: Assets/Textures/Concrete textures pack/pattern 15/diffuse.tga
  artifactKey: Guid(5cbc104c942183b41a667dda27ec79a6) Importer(815301076,1909f56bfc062723c751e8b465ee728b)
Start importing Assets/Textures/Concrete textures pack/pattern 15/diffuse.tga using Guid(5cbc104c942183b41a667dda27ec79a6) Importer(815301076,1909f56bfc062723c751e8b465ee728b)  -> (artifact id: '25ac943522943d446b18862a39a0e8f3') in 0.009316 seconds
  Import took 0.011966 seconds .

========================================================================
Received Import Request.
  Time since last request: 0.000303 seconds.
  path: Assets/Textures/Concrete textures pack/pattern 08/normal.tga
  artifactKey: Guid(b9198e7b8cb3f5342a8c154efbaff1d8) Importer(815301076,1909f56bfc062723c751e8b465ee728b)
Start importing Assets/Textures/Concrete textures pack/pattern 08/normal.tga using Guid(b9198e7b8cb3f5342a8c154efbaff1d8) Importer(815301076,1909f56bfc062723c751e8b465ee728b)  -> (artifact id: 'e847e04b8c78a88cf11ce5a917ba24e1') in 0.010406 seconds
  Import took 0.013108 seconds .

========================================================================
Received Import Request.
  Time since last request: 0.000250 seconds.
  path: Assets/Textures/Concrete textures pack/pattern 17/diffuse.tga
  artifactKey: Guid(43e7843d5e3a62f41a2ed8bd385747d2) Importer(815301076,1909f56bfc062723c751e8b465ee728b)
Start importing Assets/Textures/Concrete textures pack/pattern 17/diffuse.tga using Guid(43e7843d5e3a62f41a2ed8bd385747d2) Importer(815301076,1909f56bfc062723c751e8b465ee728b)  -> (artifact id: '6645632d79e4a31912ea37302e7c41d5') in 0.009847 seconds
  Import took 0.012665 seconds .

========================================================================
Received Import Request.
  Time since last request: 0.000295 seconds.
  path: Assets/Textures/Concrete textures pack/pattern 13/normal.tga
  artifactKey: Guid(4f0c983aed2f7d6479a2631a806a776a) Importer(815301076,1909f56bfc062723c751e8b465ee728b)
Start importing Assets/Textures/Concrete textures pack/pattern 13/normal.tga using Guid(4f0c983aed2f7d6479a2631a806a776a) Importer(815301076,1909f56bfc062723c751e8b465ee728b)  -> (artifact id: 'bbe823f9f73840da488ffcb59e1b6ad1') in 0.010049 seconds
  Import took 0.012786 seconds .

========================================================================
Received Import Request.
  Time since last request: 0.000313 seconds.
  path: Assets/Textures/Concrete textures pack/pattern 13/diffuse.tga
  artifactKey: Guid(137a6a64c7d915a4a979e2022730a4b1) Importer(815301076,1909f56bfc062723c751e8b465ee728b)
Start importing Assets/Textures/Concrete textures pack/pattern 13/diffuse.tga using Guid(137a6a64c7d915a4a979e2022730a4b1) Importer(815301076,1909f56bfc062723c751e8b465ee728b)  -> (artifact id: '24d7ccbff13dac8182b7a201daee9aef') in 0.008828 seconds
  Import took 0.011752 seconds .

========================================================================
Received Import Request.
  Time since last request: 0.000298 seconds.
  path: Assets/Textures/Concrete textures pack/pattern 13/preview.jpg
  artifactKey: Guid(f0e62d03632cea245ae3eb63ebaccaf9) Importer(815301076,1909f56bfc062723c751e8b465ee728b)
Start importing Assets/Textures/Concrete textures pack/pattern 13/preview.jpg using Guid(f0e62d03632cea245ae3eb63ebaccaf9) Importer(815301076,1909f56bfc062723c751e8b465ee728b)  -> (artifact id: '3fb04c2a67b2b6ee34e55d855a6e99a5') in 0.007553 seconds
  Import took 0.010441 seconds .

========================================================================
Received Import Request.
  Time since last request: 0.000223 seconds.
  path: Assets/Textures/Concrete textures pack/pattern 04/diffuse.tga
  artifactKey: Guid(f177303393a7c84488d40d0843aab036) Importer(815301076,1909f56bfc062723c751e8b465ee728b)
Start importing Assets/Textures/Concrete textures pack/pattern 04/diffuse.tga using Guid(f177303393a7c84488d40d0843aab036) Importer(815301076,1909f56bfc062723c751e8b465ee728b)  -> (artifact id: '4d650e73b28a68f208137bed759cb14c') in 0.012079 seconds
  Import took 0.015477 seconds .

========================================================================
Received Import Request.
  Time since last request: 0.000243 seconds.
  path: Assets/Textures/Concrete textures pack/pattern 11/diffuse.tga
  artifactKey: Guid(4fd7d8b01792b324ba55aba32b8e7714) Importer(815301076,1909f56bfc062723c751e8b465ee728b)
Start importing Assets/Textures/Concrete textures pack/pattern 11/diffuse.tga using Guid(4fd7d8b01792b324ba55aba32b8e7714) Importer(815301076,1909f56bfc062723c751e8b465ee728b)  -> (artifact id: '1cf67aa7ec38404f5fc091e2c528892c') in 0.010051 seconds
  Import took 0.012967 seconds .

========================================================================
Received Import Request.
  Time since last request: 0.001232 seconds.
  path: Assets/Textures/Concrete textures pack/pattern 18/normal.tga
  artifactKey: Guid(f6a0536a40541a94e806c5d785eae6ae) Importer(815301076,1909f56bfc062723c751e8b465ee728b)
Start importing Assets/Textures/Concrete textures pack/pattern 18/normal.tga using Guid(f6a0536a40541a94e806c5d785eae6ae) Importer(815301076,1909f56bfc062723c751e8b465ee728b)  -> (artifact id: '293d32e3d43a3c64ea87572a6b8de4c5') in 0.008880 seconds
  Import took 0.011680 seconds .

========================================================================
Received Import Request.
  Time since last request: 0.000239 seconds.
  path: Assets/Textures/Concrete textures pack/pattern 14/preview.jpg
  artifactKey: Guid(80f0333e3899f3d4d8077df45bb0e76e) Importer(815301076,1909f56bfc062723c751e8b465ee728b)
Start importing Assets/Textures/Concrete textures pack/pattern 14/preview.jpg using Guid(80f0333e3899f3d4d8077df45bb0e76e) Importer(815301076,1909f56bfc062723c751e8b465ee728b)  -> (artifact id: '0a235ca50fefce1b4a32fb76e0ae3f98') in 0.011411 seconds
  Import took 0.015052 seconds .

========================================================================
Received Import Request.
  Time since last request: 0.000249 seconds.
  path: Assets/Textures/Concrete textures pack/pattern 16/preview.jpg
  artifactKey: Guid(e7a8e5655be92094eb1308612a817814) Importer(815301076,1909f56bfc062723c751e8b465ee728b)
Start importing Assets/Textures/Concrete textures pack/pattern 16/preview.jpg using Guid(e7a8e5655be92094eb1308612a817814) Importer(815301076,1909f56bfc062723c751e8b465ee728b)  -> (artifact id: 'cf4b121db132c50b15541e0aac58681c') in 0.007902 seconds
  Import took 0.010804 seconds .

========================================================================
Received Import Request.
  Time since last request: 0.000292 seconds.
  path: Assets/Textures/Concrete textures pack/pattern 12/preview.jpg
  artifactKey: Guid(cdba7a4efd4471c4ca63992b88371151) Importer(815301076,1909f56bfc062723c751e8b465ee728b)
Start importing Assets/Textures/Concrete textures pack/pattern 12/preview.jpg using Guid(cdba7a4efd4471c4ca63992b88371151) Importer(815301076,1909f56bfc062723c751e8b465ee728b)  -> (artifact id: '49a53cfe45502eb5f460cbced9d8fa2d') in 0.008317 seconds
  Import took 0.011455 seconds .

========================================================================
Received Import Request.
  Time since last request: 0.000280 seconds.
  path: Assets/Textures/Concrete textures pack/pattern 16/normal.tga
  artifactKey: Guid(7de3f241545f4454b9eeddd0482d3690) Importer(815301076,1909f56bfc062723c751e8b465ee728b)
Start importing Assets/Textures/Concrete textures pack/pattern 16/normal.tga using Guid(7de3f241545f4454b9eeddd0482d3690) Importer(815301076,1909f56bfc062723c751e8b465ee728b)  -> (artifact id: '3f523b21c01d1076799153a9f3b0a451') in 0.011993 seconds
  Import took 0.014597 seconds .

========================================================================
Received Import Request.
  Time since last request: 0.000290 seconds.
  path: Assets/Textures/Concrete textures pack/pattern 04/normal.tga
  artifactKey: Guid(10aaffe9500c81040b80c85d480a877e) Importer(815301076,1909f56bfc062723c751e8b465ee728b)
Start importing Assets/Textures/Concrete textures pack/pattern 04/normal.tga using Guid(10aaffe9500c81040b80c85d480a877e) Importer(815301076,1909f56bfc062723c751e8b465ee728b)  -> (artifact id: '2bbe82773750b7655bde06f0ce1ac11c') in 0.007762 seconds
  Import took 0.010611 seconds .

========================================================================
Received Import Request.
  Time since last request: 0.000463 seconds.
  path: Assets/Textures/Concrete textures pack/pattern 09/preview.jpg
  artifactKey: Guid(48eac1a26c880a64283c0ad77895d4b0) Importer(815301076,1909f56bfc062723c751e8b465ee728b)
Start importing Assets/Textures/Concrete textures pack/pattern 09/preview.jpg using Guid(48eac1a26c880a64283c0ad77895d4b0) Importer(815301076,1909f56bfc062723c751e8b465ee728b)  -> (artifact id: '236b5bb978be0105997abd1c1a3b1817') in 0.008453 seconds
  Import took 0.011315 seconds .

========================================================================
Received Prepare
Refreshing native plugins compatible for Editor in 0.52 ms, found 1 plugins.
Preloading 0 native plugins for Editor in 0.00 ms.
Unloading 3 Unused Serialized files (Serialized files now loaded: 0)
System memory in use before: 124.9 MB.
System memory in use after: 125.0 MB.

Unloading 3 unused Assets to reduce memory usage. Loaded Objects now: 2015.
Total: 2.038702 ms (FindLiveObjects: 0.202583 ms CreateObjectMapping: 0.057618 ms MarkObjects: 1.727382 ms  DeleteObjects: 0.049264 ms)

========================================================================
Received Prepare
Refreshing native plugins compatible for Editor in 0.51 ms, found 1 plugins.
Preloading 0 native plugins for Editor in 0.00 ms.
Unloading 3 Unused Serialized files (Serialized files now loaded: 0)
System memory in use before: 124.9 MB.
System memory in use after: 125.0 MB.

Unloading 3 unused Assets to reduce memory usage. Loaded Objects now: 2015.
Total: 2.098474 ms (FindLiveObjects: 0.240157 ms CreateObjectMapping: 0.067596 ms MarkObjects: 1.742354 ms  DeleteObjects: 0.047092 ms)

========================================================================
Received Prepare
Refreshing native plugins compatible for Editor in 0.56 ms, found 1 plugins.
Preloading 0 native plugins for Editor in 0.00 ms.
Unloading 3 Unused Serialized files (Serialized files now loaded: 0)
System memory in use before: 124.9 MB.
System memory in use after: 125.0 MB.

Unloading 3 unused Assets to reduce memory usage. Loaded Objects now: 2015.
Total: 2.328142 ms (FindLiveObjects: 0.219597 ms CreateObjectMapping: 0.061262 ms MarkObjects: 1.994117 ms  DeleteObjects: 0.051689 ms)

========================================================================
Received Prepare
Registering precompiled user dll's ...
Registered in 0.000425 seconds.
Begin MonoManager ReloadAssembly
Native extension for WindowsStandalone target not found
Native extension for OSXStandalone target not found
Native extension for WebGL target not found
Refreshing native plugins compatible for Editor in 0.33 ms, found 1 plugins.
Preloading 0 native plugins for Editor in 0.00 ms.
Invoked RoslynAnalysisRunner static constructor.
RoslynAnalysisRunner will not be running.
RoslynAnalysisRunner has terminated.
Mono: successfully reloaded assembly
- Completed reload, in  0.954 seconds
Platform modules already initialized, skipping
Switching build target platform(2) subTarget(0) extendedPlatform(0) -> platform(13) subTarget(589824) extendedPlatform(0)
Refreshing native plugins compatible for Editor in 0.29 ms, found 1 plugins.
Preloading 0 native plugins for Editor in 0.00 ms.
Unloading 1491 Unused Serialized files (Serialized files now loaded: 0)
System memory in use before: 152.5 MB.
System memory in use after: 152.5 MB.

Unloading 6 unused Assets to reduce memory usage. Loaded Objects now: 2019.
Total: 2.341187 ms (FindLiveObjects: 0.256708 ms CreateObjectMapping: 0.050605 ms MarkObjects: 1.947181 ms  DeleteObjects: 0.084621 ms)

AssetImportParameters requested are different than current active one (requested -> active):
  custom:graphics/normal-map-encoding: 01000000000000000000000000000000 -> 02000000000000000000000000000000
========================================================================
Received Import Request.
  Time since last request: 1774.295198 seconds.
  path: Assets/Models/HSO_3D_Typo.fbx
  artifactKey: Guid(34505a9ed3c3b471f82868d1ac74c7c8) Importer(815301076,1909f56bfc062723c751e8b465ee728b)
Start importing Assets/Models/HSO_3D_Typo.fbx using Guid(34505a9ed3c3b471f82868d1ac74c7c8) Importer(815301076,1909f56bfc062723c751e8b465ee728b)  -> (artifact id: 'c9644f02aea2c2bf08b690566ee08f22') in 0.195991 seconds
  Import took 0.199156 seconds .

========================================================================
Received Prepare
Refreshing native plugins compatible for Editor in 1.04 ms, found 1 plugins.
Preloading 0 native plugins for Editor in 0.00 ms.
Unloading 3 Unused Serialized files (Serialized files now loaded: 0)
System memory in use before: 129.8 MB.
System memory in use after: 129.9 MB.

Unloading 3 unused Assets to reduce memory usage. Loaded Objects now: 2023.
Total: 2.007032 ms (FindLiveObjects: 0.186177 ms CreateObjectMapping: 0.051243 ms MarkObjects: 1.721842 ms  DeleteObjects: 0.046675 ms)

========================================================================
Received Prepare
Refreshing native plugins compatible for Editor in 0.50 ms, found 1 plugins.
Preloading 0 native plugins for Editor in 0.00 ms.
Unloading 3 Unused Serialized files (Serialized files now loaded: 0)
System memory in use before: 129.8 MB.
System memory in use after: 129.9 MB.

Unloading 3 unused Assets to reduce memory usage. Loaded Objects now: 2023.
Total: 2.038244 ms (FindLiveObjects: 0.175441 ms CreateObjectMapping: 0.043991 ms MarkObjects: 1.772489 ms  DeleteObjects: 0.045131 ms)

========================================================================
Received Import Request.
  Time since last request: 1346.244118 seconds.
  path: ProjectSettings/TagManager.asset
  artifactKey: Guid(00000000000000003000000000000000) Importer(815301076,1909f56bfc062723c751e8b465ee728b)
Start importing ProjectSettings/TagManager.asset using Guid(00000000000000003000000000000000) Importer(815301076,1909f56bfc062723c751e8b465ee728b)  -> (artifact id: '707d67aaa77853fc67bf35ccf49c0c33') in 0.032458 seconds
  Import took 0.035276 seconds .

========================================================================
Received Prepare
Registering precompiled user dll's ...
Registered in 0.000455 seconds.
Begin MonoManager ReloadAssembly
Native extension for WindowsStandalone target not found
Native extension for OSXStandalone target not found
Native extension for WebGL target not found
Refreshing native plugins compatible for Editor in 0.35 ms, found 1 plugins.
Preloading 0 native plugins for Editor in 0.00 ms.
Invoked RoslynAnalysisRunner static constructor.
RoslynAnalysisRunner will not be running.
RoslynAnalysisRunner has terminated.
Mono: successfully reloaded assembly
- Completed reload, in  0.933 seconds
Platform modules already initialized, skipping
Switching build target platform(2) subTarget(0) extendedPlatform(0) -> platform(13) subTarget(589824) extendedPlatform(0)
Refreshing native plugins compatible for Editor in 0.28 ms, found 1 plugins.
Preloading 0 native plugins for Editor in 0.00 ms.
Unloading 1491 Unused Serialized files (Serialized files now loaded: 0)
System memory in use before: 161.3 MB.
System memory in use after: 161.3 MB.

Unloading 7 unused Assets to reduce memory usage. Loaded Objects now: 2027.
Total: 2.087723 ms (FindLiveObjects: 0.384083 ms CreateObjectMapping: 0.078610 ms MarkObjects: 1.573605 ms  DeleteObjects: 0.050235 ms)

AssetImportParameters requested are different than current active one (requested -> active):
  custom:graphics/normal-map-encoding: 01000000000000000000000000000000 -> 02000000000000000000000000000000
========================================================================
Received Import Request.
  Time since last request: 248.551460 seconds.
  path: Assets/Models/laxer tree pkg/Models/Materials/ast 3 cr dark.mat
  artifactKey: Guid(adf985a34b2482e408a5b8e71137ad50) Importer(815301076,1909f56bfc062723c751e8b465ee728b)
Start importing Assets/Models/laxer tree pkg/Models/Materials/ast 3 cr dark.mat using Guid(adf985a34b2482e408a5b8e71137ad50) Importer(815301076,1909f56bfc062723c751e8b465ee728b)  -> (artifact id: '752022c897bcd76af8eb1255685d4cd2') in 0.313453 seconds
  Import took 0.316120 seconds .

========================================================================
Received Import Request.
  Time since last request: 0.000183 seconds.
  path: Assets/Models/laxer tree pkg/Models/Materials/ast4 lw 1.mat
  artifactKey: Guid(81dc5907a40a50040823d8934dd4d2b8) Importer(815301076,1909f56bfc062723c751e8b465ee728b)
Start importing Assets/Models/laxer tree pkg/Models/Materials/ast4 lw 1.mat using Guid(81dc5907a40a50040823d8934dd4d2b8) Importer(815301076,1909f56bfc062723c751e8b465ee728b)  -> (artifact id: '0cb75b7a2ca1fc04c4811e68188b4de3') in 0.025840 seconds
  Import took 0.029350 seconds .

========================================================================
Received Import Request.
  Time since last request: 0.000218 seconds.
  path: Assets/Models/laxer tree pkg/Models/Materials/ast5.mat
  artifactKey: Guid(f46c6bff831cfd14bb53bc3819f0f0db) Importer(815301076,1909f56bfc062723c751e8b465ee728b)
Start importing Assets/Models/laxer tree pkg/Models/Materials/ast5.mat using Guid(f46c6bff831cfd14bb53bc3819f0f0db) Importer(815301076,1909f56bfc062723c751e8b465ee728b)  -> (artifact id: '4b2eb91c49dbb8e0a859e25165c19295') in 0.131382 seconds
  Import took 0.134215 seconds .

========================================================================
Received Import Request.
  Time since last request: 0.000290 seconds.
  path: Assets/Models/laxer tree pkg/Mobile/baum ld1 mobile.prefab
  artifactKey: Guid(23062208c1e1ace4d9e5270be8b68dcb) Importer(815301076,1909f56bfc062723c751e8b465ee728b)
Start importing Assets/Models/laxer tree pkg/Mobile/baum ld1 mobile.prefab using Guid(23062208c1e1ace4d9e5270be8b68dcb) Importer(815301076,1909f56bfc062723c751e8b465ee728b)  -> (artifact id: '7d7eda716c115cbfe182c2315ad59fc1') in 0.068524 seconds
  Import took 0.070975 seconds .

========================================================================
Received Import Request.
  Time since last request: 0.000162 seconds.
  path: Assets/Models/laxer tree pkg/Mobile/Normal Edited/baum ld1(enhanced).prefab
  artifactKey: Guid(3176aeb440566664ab0bd513a6a46280) Importer(815301076,1909f56bfc062723c751e8b465ee728b)
Start importing Assets/Models/laxer tree pkg/Mobile/Normal Edited/baum ld1(enhanced).prefab using Guid(3176aeb440566664ab0bd513a6a46280) Importer(815301076,1909f56bfc062723c751e8b465ee728b)  -> (artifact id: 'af3622073da9b42424902c26e9d39d10') in 0.012830 seconds
  Import took 0.015800 seconds .

========================================================================
Received Import Request.
  Time since last request: 0.000280 seconds.
  path: Assets/Models/laxer tree pkg/Ambient-Occlusion/baum ld0.prefab
  artifactKey: Guid(232d918e673de694d8a118b6efe0bf6f) Importer(815301076,1909f56bfc062723c751e8b465ee728b)
Start importing Assets/Models/laxer tree pkg/Ambient-Occlusion/baum ld0.prefab using Guid(232d918e673de694d8a118b6efe0bf6f) Importer(815301076,1909f56bfc062723c751e8b465ee728b)  -> (artifact id: '8cf4317e9d0e7ac8d48a36c52951132e') in 0.111062 seconds
  Import took 0.113671 seconds .

========================================================================
Received Import Request.
  Time since last request: 0.000290 seconds.
  path: Assets/Models/laxer tree pkg/Models/Materials/ast4 lw.mat
  artifactKey: Guid(76a056ccc1b93e849bc3661d612a95ea) Importer(815301076,1909f56bfc062723c751e8b465ee728b)
Start importing Assets/Models/laxer tree pkg/Models/Materials/ast4 lw.mat using Guid(76a056ccc1b93e849bc3661d612a95ea) Importer(815301076,1909f56bfc062723c751e8b465ee728b)  -> (artifact id: 'cae784a21fc74dbbcae0a0f329874e17') in 0.014382 seconds
  Import took 0.017057 seconds .

========================================================================
Received Import Request.
  Time since last request: 0.000355 seconds.
  path: Assets/Models/laxer tree pkg/Models/Materials/bark pine wh lw.mat
  artifactKey: Guid(bd89ecb7585e33f41b8990012887c72c) Importer(815301076,1909f56bfc062723c751e8b465ee728b)
Start importing Assets/Models/laxer tree pkg/Models/Materials/bark pine wh lw.mat using Guid(bd89ecb7585e33f41b8990012887c72c) Importer(815301076,1909f56bfc062723c751e8b465ee728b)  -> (artifact id: 'd499300edd3af38708181144b9c0288b') in 0.009259 seconds
  Import took 0.012484 seconds .

========================================================================
Received Import Request.
  Time since last request: 0.000267 seconds.
  path: Assets/Models/laxer tree pkg/Models/Materials/ast5 lw 1.mat
  artifactKey: Guid(281d9a47040de98429f24c446985694d) Importer(815301076,1909f56bfc062723c751e8b465ee728b)
Start importing Assets/Models/laxer tree pkg/Models/Materials/ast5 lw 1.mat using Guid(281d9a47040de98429f24c446985694d) Importer(815301076,1909f56bfc062723c751e8b465ee728b)  -> (artifact id: '55a838a7ff5bf1e238965b69a7bae825') in 0.011400 seconds
  Import took 0.014528 seconds .

========================================================================
Received Import Request.
  Time since last request: 0.000400 seconds.
  path: Assets/Models/laxer tree pkg/Models/Materials/bark pine wh.mat
  artifactKey: Guid(63489f5a7b5c30d4c990f5949b6fb6f1) Importer(815301076,1909f56bfc062723c751e8b465ee728b)
Start importing Assets/Models/laxer tree pkg/Models/Materials/bark pine wh.mat using Guid(63489f5a7b5c30d4c990f5949b6fb6f1) Importer(815301076,1909f56bfc062723c751e8b465ee728b)  -> (artifact id: 'a0d2e89868917c318554027fd7a36d37') in 0.030210 seconds
  Import took 0.033064 seconds .

========================================================================
Received Import Request.
  Time since last request: 0.001140 seconds.
  path: Assets/Models/laxer tree pkg/Mobile/baum ld0 mobile.prefab
  artifactKey: Guid(d7ebb2b5789a2be45b7bd26b3b9d50aa) Importer(815301076,1909f56bfc062723c751e8b465ee728b)
Start importing Assets/Models/laxer tree pkg/Mobile/baum ld0 mobile.prefab using Guid(d7ebb2b5789a2be45b7bd26b3b9d50aa) Importer(815301076,1909f56bfc062723c751e8b465ee728b)  -> (artifact id: '0dfd3efb65b2500f21bd4dcd55c3d5dd') in 0.014447 seconds
  Import took 0.017626 seconds .

========================================================================
Received Import Request.
  Time since last request: 0.000248 seconds.
  path: Assets/Models/laxer tree pkg/Models/Materials/ast3.mat
  artifactKey: Guid(c575968aacb53144381d64ddfaa6c2f6) Importer(815301076,1909f56bfc062723c751e8b465ee728b)
Start importing Assets/Models/laxer tree pkg/Models/Materials/ast3.mat using Guid(c575968aacb53144381d64ddfaa6c2f6) Importer(815301076,1909f56bfc062723c751e8b465ee728b)  -> (artifact id: '4aafb05b8b57499a60cf011f1b83c56c') in 0.013947 seconds
  Import took 0.016693 seconds .

========================================================================
Received Import Request.
  Time since last request: 0.000260 seconds.
  path: Assets/Models/laxer tree pkg/Models/Materials/ast5 lw.mat
  artifactKey: Guid(3509f5c76776147409e86d25a1d3af9d) Importer(815301076,1909f56bfc062723c751e8b465ee728b)
Start importing Assets/Models/laxer tree pkg/Models/Materials/ast5 lw.mat using Guid(3509f5c76776147409e86d25a1d3af9d) Importer(815301076,1909f56bfc062723c751e8b465ee728b)  -> (artifact id: '1f2eae4df93c136101c55b276272d692') in 0.014466 seconds
  Import took 0.017213 seconds .

========================================================================
Received Import Request.
  Time since last request: 0.000283 seconds.
  path: Assets/Models/laxer tree pkg/Mobile/baum ld2 mobile.prefab
  artifactKey: Guid(78fdf95c4c2d7384a8957ee310d2b067) Importer(815301076,1909f56bfc062723c751e8b465ee728b)
Start importing Assets/Models/laxer tree pkg/Mobile/baum ld2 mobile.prefab using Guid(78fdf95c4c2d7384a8957ee310d2b067) Importer(815301076,1909f56bfc062723c751e8b465ee728b)  -> (artifact id: '63a498a91e8851664caa7560134f769e') in 0.016818 seconds
  Import took 0.019537 seconds .

========================================================================
Received Import Request.
  Time since last request: 0.000237 seconds.
  path: Assets/Models/laxer tree pkg/Models/Materials/bark wh.mat
  artifactKey: Guid(ec234b86cf157d94e9dd6a5ee9b31eee) Importer(815301076,1909f56bfc062723c751e8b465ee728b)
Start importing Assets/Models/laxer tree pkg/Models/Materials/bark wh.mat using Guid(ec234b86cf157d94e9dd6a5ee9b31eee) Importer(815301076,1909f56bfc062723c751e8b465ee728b)  -> (artifact id: 'fc72633ef36425e40fdc06f5f6f229d6') in 0.013496 seconds
  Import took 0.016194 seconds .

========================================================================
Received Import Request.
  Time since last request: 0.000296 seconds.
  path: Assets/Models/laxer tree pkg/Mobile/Normal Edited/baum ld2(enhanced).prefab
  artifactKey: Guid(3217b1ce4679df94f8c9cd33e8990c0b) Importer(815301076,1909f56bfc062723c751e8b465ee728b)
Start importing Assets/Models/laxer tree pkg/Mobile/Normal Edited/baum ld2(enhanced).prefab using Guid(3217b1ce4679df94f8c9cd33e8990c0b) Importer(815301076,1909f56bfc062723c751e8b465ee728b)  -> (artifact id: 'f487bb16a617748b1f0f81825610542e') in 0.012406 seconds
  Import took 0.015310 seconds .

========================================================================
Received Import Request.
  Time since last request: 0.000306 seconds.
  path: Assets/Models/laxer tree pkg/Mobile/Normal Edited/baum ld0(enhanced).prefab
  artifactKey: Guid(0cd0601cf7da9dc4f80b1d60facd05c5) Importer(815301076,1909f56bfc062723c751e8b465ee728b)
Start importing Assets/Models/laxer tree pkg/Mobile/Normal Edited/baum ld0(enhanced).prefab using Guid(0cd0601cf7da9dc4f80b1d60facd05c5) Importer(815301076,1909f56bfc062723c751e8b465ee728b)  -> (artifact id: '97f401ba7e698b6e8c8f1dbe8e284e2e') in 0.011329 seconds
  Import took 0.014880 seconds .

========================================================================
Received Import Request.
  Time since last request: 0.000245 seconds.
  path: Assets/Models/laxer tree pkg/Models/Materials/ast3 lw.mat
  artifactKey: Guid(a05189f4f1fcfd64dad1a2d9c28d6aa5) Importer(815301076,1909f56bfc062723c751e8b465ee728b)
Start importing Assets/Models/laxer tree pkg/Models/Materials/ast3 lw.mat using Guid(a05189f4f1fcfd64dad1a2d9c28d6aa5) Importer(815301076,1909f56bfc062723c751e8b465ee728b)  -> (artifact id: 'b8d3e7ef5db3e0eacda265c1e6bc9f9a') in 0.013878 seconds
  Import took 0.016923 seconds .

========================================================================
Received Import Request.
  Time since last request: 0.000338 seconds.
  path: Assets/Models/laxer tree pkg/Ambient-Occlusion/baum ld2.prefab
  artifactKey: Guid(011ca9ca00b21594c8a16ee78d6a8c7c) Importer(815301076,1909f56bfc062723c751e8b465ee728b)
Start importing Assets/Models/laxer tree pkg/Ambient-Occlusion/baum ld2.prefab using Guid(011ca9ca00b21594c8a16ee78d6a8c7c) Importer(815301076,1909f56bfc062723c751e8b465ee728b)  -> (artifact id: '3e26e1583cc0f54444e1aa4ef4be264b') in 0.016577 seconds
  Import took 0.019483 seconds .

========================================================================
Received Import Request.
  Time since last request: 0.000264 seconds.
  path: Assets/Models/laxer tree pkg/Ambient-Occlusion/baum ld1.prefab
  artifactKey: Guid(6b4b29e49f76c9f46b7f3594d299d8d9) Importer(815301076,1909f56bfc062723c751e8b465ee728b)
Start importing Assets/Models/laxer tree pkg/Ambient-Occlusion/baum ld1.prefab using Guid(6b4b29e49f76c9f46b7f3594d299d8d9) Importer(815301076,1909f56bfc062723c751e8b465ee728b)  -> (artifact id: '1ae2f36414beddbac0f24226755508fb') in 0.018546 seconds
  Import took 0.021414 seconds .

========================================================================
Received Import Request.
  Time since last request: 0.000217 seconds.
  path: Assets/Models/laxer tree pkg/Models/Materials/ast3 lw 1.mat
  artifactKey: Guid(6ece0bdbdb22d0f4e9c4110d90e77be6) Importer(815301076,1909f56bfc062723c751e8b465ee728b)
Start importing Assets/Models/laxer tree pkg/Models/Materials/ast3 lw 1.mat using Guid(6ece0bdbdb22d0f4e9c4110d90e77be6) Importer(815301076,1909f56bfc062723c751e8b465ee728b)  -> (artifact id: '17880157d10efcead03573c78f5a0570') in 0.009838 seconds
  Import took 0.012566 seconds .

========================================================================
Received Import Request.
  Time since last request: 0.000238 seconds.
  path: Assets/Models/laxer tree pkg/Models/Materials/ast4.mat
  artifactKey: Guid(3c6caab7cf56b024097f005008285518) Importer(815301076,1909f56bfc062723c751e8b465ee728b)
Start importing Assets/Models/laxer tree pkg/Models/Materials/ast4.mat using Guid(3c6caab7cf56b024097f005008285518) Importer(815301076,1909f56bfc062723c751e8b465ee728b)  -> (artifact id: '8815b93d0672a0643922eae5203fc97c') in 0.015043 seconds
  Import took 0.017800 seconds .

========================================================================
Received Import Request.
  Time since last request: 0.000235 seconds.
  path: Assets/Models/laxer tree pkg/Models/Materials/bark wh lw.mat
  artifactKey: Guid(62c004aeef1076648a99aaa35156912b) Importer(815301076,1909f56bfc062723c751e8b465ee728b)
Start importing Assets/Models/laxer tree pkg/Models/Materials/bark wh lw.mat using Guid(62c004aeef1076648a99aaa35156912b) Importer(815301076,1909f56bfc062723c751e8b465ee728b)  -> (artifact id: '6b0ea7f988f4f02775e6aef2673bfdc1') in 0.009173 seconds
  Import took 0.011551 seconds .

========================================================================
Received Import Request.
  Time since last request: 0.023508 seconds.
  path: Assets/Models/laxer tree pkg/Models/Materials/bark wh lw.mat
  artifactKey: Guid(62c004aeef1076648a99aaa35156912b) Importer(815301076,1909f56bfc062723c751e8b465ee728b)
Start importing Assets/Models/laxer tree pkg/Models/Materials/bark wh lw.mat using Guid(62c004aeef1076648a99aaa35156912b) Importer(815301076,1909f56bfc062723c751e8b465ee728b)  -> (artifact id: '6b0ea7f988f4f02775e6aef2673bfdc1') in 0.009449 seconds
  Import took 0.012151 seconds .

========================================================================
Received Prepare
Registering precompiled user dll's ...
Registered in 0.000411 seconds.
Begin MonoManager ReloadAssembly
Native extension for WindowsStandalone target not found
Native extension for OSXStandalone target not found
Native extension for WebGL target not found
Refreshing native plugins compatible for Editor in 0.33 ms, found 1 plugins.
Preloading 0 native plugins for Editor in 0.00 ms.
Invoked RoslynAnalysisRunner static constructor.
RoslynAnalysisRunner will not be running.
RoslynAnalysisRunner has terminated.
Mono: successfully reloaded assembly
- Completed reload, in  0.953 seconds
Platform modules already initialized, skipping
Switching build target platform(2) subTarget(0) extendedPlatform(0) -> platform(13) subTarget(589824) extendedPlatform(0)
Refreshing native plugins compatible for Editor in 0.45 ms, found 1 plugins.
Preloading 0 native plugins for Editor in 0.00 ms.
Unloading 1491 Unused Serialized files (Serialized files now loaded: 0)
System memory in use before: 163.0 MB.
System memory in use after: 163.1 MB.

Unloading 6 unused Assets to reduce memory usage. Loaded Objects now: 2035.
Total: 1.764831 ms (FindLiveObjects: 0.244392 ms CreateObjectMapping: 0.046778 ms MarkObjects: 1.424440 ms  DeleteObjects: 0.048129 ms)

AssetImportParameters requested are different than current active one (requested -> active):
  custom:graphics/normal-map-encoding: 01000000000000000000000000000000 -> 02000000000000000000000000000000
========================================================================
Received Prepare
Refreshing native plugins compatible for Editor in 0.61 ms, found 1 plugins.
Preloading 0 native plugins for Editor in 0.00 ms.
Unloading 3 Unused Serialized files (Serialized files now loaded: 0)
System memory in use before: 134.1 MB.
System memory in use after: 134.2 MB.

Unloading 3 unused Assets to reduce memory usage. Loaded Objects now: 2035.
Total: 2.077408 ms (FindLiveObjects: 0.238350 ms CreateObjectMapping: 0.043014 ms MarkObjects: 1.748737 ms  DeleteObjects: 0.045113 ms)

========================================================================
Received Prepare
Registering precompiled user dll's ...
Registered in 0.000387 seconds.
Begin MonoManager ReloadAssembly
Native extension for WindowsStandalone target not found
Native extension for OSXStandalone target not found
Native extension for WebGL target not found
Refreshing native plugins compatible for Editor in 0.36 ms, found 1 plugins.
Preloading 0 native plugins for Editor in 0.00 ms.
Invoked RoslynAnalysisRunner static constructor.
RoslynAnalysisRunner will not be running.
RoslynAnalysisRunner has terminated.
Mono: successfully reloaded assembly
- Completed reload, in  0.917 seconds
Platform modules already initialized, skipping
Switching build target platform(2) subTarget(0) extendedPlatform(0) -> platform(13) subTarget(589824) extendedPlatform(0)
Refreshing native plugins compatible for Editor in 0.28 ms, found 1 plugins.
Preloading 0 native plugins for Editor in 0.00 ms.
Unloading 1491 Unused Serialized files (Serialized files now loaded: 0)
System memory in use before: 163.2 MB.
System memory in use after: 163.3 MB.

Unloading 6 unused Assets to reduce memory usage. Loaded Objects now: 2039.
Total: 2.069718 ms (FindLiveObjects: 0.239404 ms CreateObjectMapping: 0.054853 ms MarkObjects: 1.727301 ms  DeleteObjects: 0.046991 ms)

AssetImportParameters requested are different than current active one (requested -> active):
  custom:graphics/normal-map-encoding: 01000000000000000000000000000000 -> 02000000000000000000000000000000
========================================================================
Received Prepare
Refreshing native plugins compatible for Editor in 0.55 ms, found 1 plugins.
Preloading 0 native plugins for Editor in 0.00 ms.
Unloading 3 Unused Serialized files (Serialized files now loaded: 0)
System memory in use before: 134.3 MB.
System memory in use after: 134.4 MB.

Unloading 3 unused Assets to reduce memory usage. Loaded Objects now: 2039.
Total: 1.767156 ms (FindLiveObjects: 0.197095 ms CreateObjectMapping: 0.054050 ms MarkObjects: 1.464649 ms  DeleteObjects: 0.050172 ms)

